<?xml version="1.0" encoding="UTF-8"?>
<robot generator="Robot 7.0 (Python 3.12.2 on win32)" generated="2024-03-19T09:55:23.889945" rpa="false" schemaversion="5">
<suite id="s1" name="AddRmoveTest" source="C:\Users\elattar\Desktop\test\Robot_fw_Practice\Tests\AddRmoveTest.robot">
<test id="s1-t1" line="14">
<doc>Verify that the user can click Btn</doc>
<tag>functional</tag>
<status status="FAIL" start="2024-03-19T09:55:25.292286" elapsed="0.000000">Test name cannot be empty.</status>
</test>
<status status="FAIL" start="2024-03-19T09:55:23.898148" elapsed="1.394138"/>
</suite>
<statistics>
<total>
<stat pass="0" fail="1" skip="0">All Tests</stat>
</total>
<tag>
<stat pass="0" fail="1" skip="0">functional</stat>
</tag>
<suite>
<stat pass="0" fail="1" skip="0" id="s1" name="AddRmoveTest">AddRmoveTest</stat>
</suite>
</statistics>
<errors>
<msg time="2024-03-19T09:55:25.292286" level="ERROR">Error in file 'C:\Users\elattar\Desktop\test\Robot_fw_Practice\Tests\AddRmoveTest.robot' on line 3: Variable file '..\WebElements.py' does not exist.</msg>
</errors>
</robot>
